  url.cpp
c:\workspace\project\personal\project\cube\util\str.h(2): fatal error C1083: 无法打开包括文件: “cube.h”: No such file or directory
  tsc.cpp
c:\workspace\project\personal\project\cube\util\tsc.h(5): fatal error C1083: 无法打开包括文件: “cube.h”: No such file or directory
  tm.cpp
c:\workspace\project\personal\project\cube\util\tm.cpp(42): error C2039: “tm”: 不是“cube”的成员
  c:\workspace\project\personal\project\cube\util\tm.cpp(3): note: 参见“cube”的声明
c:\workspace\project\personal\project\cube\util\tm.cpp(42): error C2039: “tz”: 不是“cube”的成员
  c:\workspace\project\personal\project\cube\util\tm.cpp(3): note: 参见“cube”的声明
c:\workspace\project\personal\project\cube\util\tm.cpp(42): error C3083: “tm”:“::”左侧的符号必须是一种类型
c:\workspace\project\personal\project\cube\util\tm.cpp(42): error C3083: “tz”:“::”左侧的符号必须是一种类型
c:\workspace\project\personal\project\cube\util\tm.cpp(42): error C2039: “utc”: 不是“cube”的成员
  c:\workspace\project\personal\project\cube\util\tm.cpp(3): note: 参见“cube”的声明
c:\workspace\project\personal\project\cube\util\tm.cpp(42): error C2065: “utc”: 未声明的标识符
c:\workspace\project\personal\project\cube\util\tm.cpp(42): error C2131: 表达式的计算结果不是常数
  c:\workspace\project\personal\project\cube\util\tm.cpp(42): note: 非常量参数或对非常量符号的引用导致了故障
  c:\workspace\project\personal\project\cube\util\tm.cpp(42): note: 请参见“utc”的用法
c:\workspace\project\personal\project\cube\util\tm.cpp(45): error C2039: “tm”: 不是“cube”的成员
  c:\workspace\project\personal\project\cube\util\tm.cpp(3): note: 参见“cube”的声明
c:\workspace\project\personal\project\cube\util\tm.cpp(45): error C2039: “tz”: 不是“cube”的成员
  c:\workspace\project\personal\project\cube\util\tm.cpp(3): note: 参见“cube”的声明
c:\workspace\project\personal\project\cube\util\tm.cpp(45): error C3083: “tm”:“::”左侧的符号必须是一种类型
c:\workspace\project\personal\project\cube\util\tm.cpp(45): error C3083: “tz”:“::”左侧的符号必须是一种类型
c:\workspace\project\personal\project\cube\util\tm.cpp(45): error C2039: “local”: 不是“cube”的成员
  c:\workspace\project\personal\project\cube\util\tm.cpp(3): note: 参见“cube”的声明
c:\workspace\project\personal\project\cube\util\tm.cpp(45): error C2065: “local”: 未声明的标识符
c:\workspace\project\personal\project\cube\util\tm.cpp(45): error C2131: 表达式的计算结果不是常数
  c:\workspace\project\personal\project\cube\util\tm.cpp(45): note: 非常量参数或对非常量符号的引用导致了故障
  c:\workspace\project\personal\project\cube\util\tm.cpp(45): note: 请参见“local”的用法
c:\workspace\project\personal\project\cube\util\tm.cpp(42): error C2051: case 表达式不是常量
c:\workspace\project\personal\project\cube\util\tm.cpp(43): error C4996: 'gmtime': This function or variable may be unsafe. Consider using gmtime_s instead. To disable deprecation, use _CRT_SECURE_NO_WARNINGS. See online help for details.
  c:\program files (x86)\windows kits\10\include\10.0.16299.0\ucrt\time.h(495): note: 参见“gmtime”的声明
c:\workspace\project\personal\project\cube\util\tm.cpp(45): error C2051: case 表达式不是常量
c:\workspace\project\personal\project\cube\util\tm.cpp(46): error C4996: 'localtime': This function or variable may be unsafe. Consider using localtime_s instead. To disable deprecation, use _CRT_SECURE_NO_WARNINGS. See online help for details.
  c:\program files (x86)\windows kits\10\include\10.0.16299.0\ucrt\time.h(505): note: 参见“localtime”的声明
c:\workspace\project\personal\project\cube\util\tm.cpp(51): warning C4065: switch 语句包含“default”但是未包含“case”标签
  str.cpp
c:\workspace\project\personal\project\cube\util\str.h(2): fatal error C1083: 无法打开包括文件: “cube.h”: No such file or directory
  sa.cpp
c:\workspace\project\personal\project\cube\util\sa.h(5): fatal error C1083: 无法打开包括文件: “cube.h”: No such file or directory
  os.cpp
c:\workspace\project\personal\project\cube\util\os.h(5): fatal error C1083: 无法打开包括文件: “cube.h”: No such file or directory
  net.cpp
c:\workspace\project\personal\project\cube\util\cc.h(11): fatal error C1083: 无法打开包括文件: “cube.h”: No such file or directory
  mm.cpp
c:\workspace\project\personal\project\cube\util\mm.h(5): fatal error C1083: 无法打开包括文件: “cube.h”: No such file or directory
  log.cpp
c:\workspace\project\personal\project\cube\util\log.h(2): fatal error C1083: 无法打开包括文件: “cube.h”: No such file or directory
  ios.cpp
c:\workspace\project\personal\project\cube\util\ios.h(5): fatal error C1083: 无法打开包括文件: “cube.h”: No such file or directory
  io.cpp
c:\workspace\project\personal\project\cube\util\io.h(5): fatal error C1083: 无法打开包括文件: “cube.h”: No such file or directory
  ini.cpp
c:\workspace\project\personal\project\cube\util\str.h(2): fatal error C1083: 无法打开包括文件: “cube.h”: No such file or directory
  fd.cpp
c:\workspace\project\personal\project\cube\util\fd.h(5): fatal error C1083: 无法打开包括文件: “cube.h”: No such file or directory
  clt.cpp
c:\workspace\project\personal\project\cube\util\cc.h(11): fatal error C1083: 无法打开包括文件: “cube.h”: No such file or directory
  cc.cpp
c:\workspace\project\personal\project\cube\util\cc.h(11): fatal error C1083: 无法打开包括文件: “cube.h”: No such file or directory
  正在生成代码...
