  stream.cpp
c:\workspace\project\personal\project\cube\http\query.h(11): error C2039: “params”: 不是“cube::http”的成员
  c:\workspace\project\personal\project\cube\http\query.h(3): note: 参见“cube::http”的声明
c:\workspace\project\personal\project\cube\http\query.h(11): error C4430: 缺少类型说明符 - 假定为 int。注意: C++ 不支持默认 int
c:\workspace\project\personal\project\cube\http\query.h(11): error C2143: 语法错误: 缺少“;”(在“&”的前面)
c:\workspace\project\personal\project\cube\http\query.h(11): error C2334: “{”的前面有意外标记；跳过明显的函数体
c:\workspace\project\personal\project\cube\http\query.h(20): error C2327: “cube::http::query::params”: 不是类型名称、静态或枚举数
c:\workspace\project\personal\project\cube\http\query.h(20): error C2039: “params”: 不是“cube::http”的成员
  c:\workspace\project\personal\project\cube\http\query.h(3): note: 参见“cube::http”的声明
c:\workspace\project\personal\project\cube\http\query.h(20): error C3646: “_params”: 未知重写说明符
c:\workspace\project\personal\project\cube\http\query.h(20): error C4430: 缺少类型说明符 - 假定为 int。注意: C++ 不支持默认 int
c:\workspace\project\personal\project\cube\http\query.h(6): error C2789: “cube::http::query::params”: 必须初始化常量限定类型的对象
  c:\workspace\project\personal\project\cube\http\query.h(11): note: 参见“cube::http::query::params”的声明
c:\workspace\project\personal\project\cube\http\stream.h(29): error C2039: “message”: 不是“cube::http”的成员
  c:\workspace\project\personal\project\cube\http\stream.h(6): note: 参见“cube::http”的声明
c:\workspace\project\personal\project\cube\http\stream.h(29): error C2061: 语法错误: 标识符“message”
c:\workspace\project\personal\project\cube\http\stream.h(46): error C2039: “message”: 不是“cube::http”的成员
  c:\workspace\project\personal\project\cube\http\stream.h(6): note: 参见“cube::http”的声明
c:\workspace\project\personal\project\cube\http\stream.h(46): error C2065: “message”: 未声明的标识符
c:\workspace\project\personal\project\cube\http\stream.h(46): error C2923: “std::shared_ptr”: 对于参数“_Ty”，“message”不是有效的 模板 类型变量
c:\workspace\project\personal\project\cube\http\stream.h(29): error C2065: “message”: 未声明的标识符
c:\workspace\project\personal\project\cube\http\stream.h(29): fatal error C1903: 无法从以前的错误中恢复；正在停止编译
  status.cpp
c:\workspace\project\personal\project\cube\http\status.h(9): error C2039: “string”: 不是“std”的成员
  c:\workspace\project\personal\project\cube\http\predefined c++ types (compiler internal)(208): note: 参见“std”的声明
c:\workspace\project\personal\project\cube\http\status.h(9): error C4430: 缺少类型说明符 - 假定为 int。注意: C++ 不支持默认 int
c:\workspace\project\personal\project\cube\http\status.h(9): error C2143: 语法错误: 缺少“,”(在“&”的前面)
c:\workspace\project\personal\project\cube\http\status.h(13): error C2039: “string”: 不是“std”的成员
  c:\workspace\project\personal\project\cube\http\predefined c++ types (compiler internal)(208): note: 参见“std”的声明
c:\workspace\project\personal\project\cube\http\status.h(13): error C4430: 缺少类型说明符 - 假定为 int。注意: C++ 不支持默认 int
c:\workspace\project\personal\project\cube\http\status.h(13): error C2143: 语法错误: 缺少“,”(在“&”的前面)
c:\workspace\project\personal\project\cube\http\status.h(19): error C2039: “string”: 不是“std”的成员
  c:\workspace\project\personal\project\cube\http\predefined c++ types (compiler internal)(208): note: 参见“std”的声明
c:\workspace\project\personal\project\cube\http\status.h(19): error C3646: “_code”: 未知重写说明符
c:\workspace\project\personal\project\cube\http\status.h(19): error C4430: 缺少类型说明符 - 假定为 int。注意: C++ 不支持默认 int
c:\workspace\project\personal\project\cube\http\status.h(21): error C2039: “string”: 不是“std”的成员
  c:\workspace\project\personal\project\cube\http\predefined c++ types (compiler internal)(208): note: 参见“std”的声明
c:\workspace\project\personal\project\cube\http\status.h(21): error C3646: “_reason”: 未知重写说明符
c:\workspace\project\personal\project\cube\http\status.h(21): error C4430: 缺少类型说明符 - 假定为 int。注意: C++ 不支持默认 int
c:\workspace\project\personal\project\cube\http\status.h(23): error C2039: “string”: 不是“std”的成员
  c:\workspace\project\personal\project\cube\http\predefined c++ types (compiler internal)(208): note: 参见“std”的声明
c:\workspace\project\personal\project\cube\http\status.h(23): error C3646: “_version”: 未知重写说明符
c:\workspace\project\personal\project\cube\http\status.h(23): error C4430: 缺少类型说明符 - 假定为 int。注意: C++ 不支持默认 int
c:\workspace\project\personal\project\cube\http\status.h(6): error C2614: “cube::http::status”: 非法的成员初始化:“_code”不是基或成员
c:\workspace\project\personal\project\cube\http\status.h(6): error C2614: “cube::http::status”: 非法的成员初始化:“_reason”不是基或成员
c:\workspace\project\personal\project\cube\http\status.h(6): error C2614: “cube::http::status”: 非法的成员初始化:“_version”不是基或成员
c:\workspace\project\personal\project\cube\http\status.h(6): fatal error C1903: 无法从以前的错误中恢复；正在停止编译
